<?xml version="1.0" encoding="UTF-8"?>
<!-- Generated by org.testng.reporters.JUnitXMLReporter -->
<testsuite ignored="0" hostname="DESKTOP-CM623GF" failures="0" tests="4" name="Default test" time="36.438" errors="0" timestamp="2023-03-09T19:04:46 IST">
  <testcase classname="Autom.Toverifylatestcomment" name="vefiryPilotDetailsLatestcomment" time="10.971"/>
  <testcase classname="Autom.Toverifylatestcomment" name="verifyLatestCommentPM" time="0.851"/>
  <testcase classname="Autom.Toverifylatestcomment" name="VerifyLatestCommentAddedByPM" time="3.978"/>
  <testcase classname="Autom.Toverifylatestcomment" name="VerifyPMcommentONPilotPortal" time="4.682"/>
</testsuite> <!-- Default test -->
