<?xml version="1.0" encoding="UTF-8"?>
<!-- Generated by org.testng.reporters.JUnitXMLReporter -->
<testsuite ignored="0" hostname="DESKTOP-CM623GF" failures="0" tests="2" name="Default test" time="0.064" errors="0" timestamp="12 Jan 2023 11:44:08 GMT">
  <testcase classname="Autom.Setup" name="@BeforeMethod setUpVideomsLogin" time="0.01">
    <failure type="java.lang.Error" message="Unresolved compilation problems: 
	Xls_Reader cannot be resolved to a type
	Xls_Reader cannot be resolved to a type
">
      <![CDATA[java.lang.Error: Unresolved compilation problems: 
Xls_Reader cannot be resolved to a type
Xls_Reader cannot be resolved to a type

at Autom.Setup.setUpVideomsLogin(Setup.java:33)
at java.base/jdk.internal.reflect.DirectMethodHandleAccessor.invoke(DirectMethodHandleAccessor.java:104)
at java.base/java.lang.reflect.Method.invoke(Method.java:578)
at org.testng.internal.MethodInvocationHelper.invokeMethod(MethodInvocationHelper.java:124)
at org.testng.internal.MethodInvocationHelper.invokeMethodConsideringTimeout(MethodInvocationHelper.java:59)
at org.testng.internal.Invoker.invokeConfigurationMethod(Invoker.java:458)
at org.testng.internal.Invoker.invokeConfigurations(Invoker.java:222)
at org.testng.internal.Invoker.invokeMethod(Invoker.java:523)
at org.testng.internal.Invoker.invokeTestMethod(Invoker.java:719)
at org.testng.internal.Invoker.invokeTestMethods(Invoker.java:989)
at org.testng.internal.TestMethodWorker.invokeTestMethods(TestMethodWorker.java:125)
at org.testng.internal.TestMethodWorker.run(TestMethodWorker.java:109)
at org.testng.TestRunner.privateRun(TestRunner.java:648)
at org.testng.TestRunner.run(TestRunner.java:505)
at org.testng.SuiteRunner.runTest(SuiteRunner.java:455)
at org.testng.SuiteRunner.runSequentially(SuiteRunner.java:450)
at org.testng.SuiteRunner.privateRun(SuiteRunner.java:415)
at org.testng.SuiteRunner.run(SuiteRunner.java:364)
at org.testng.SuiteRunnerWorker.runSuite(SuiteRunnerWorker.java:52)
at org.testng.SuiteRunnerWorker.run(SuiteRunnerWorker.java:84)
at org.testng.TestNG.runSuitesSequentially(TestNG.java:1208)
at org.testng.TestNG.runSuitesLocally(TestNG.java:1137)
at org.testng.TestNG.runSuites(TestNG.java:1049)
at org.testng.TestNG.run(TestNG.java:1017)
at org.testng.remote.AbstractRemoteTestNG.run(AbstractRemoteTestNG.java:115)
at org.testng.remote.RemoteTestNG.initAndRun(RemoteTestNG.java:251)
at org.testng.remote.RemoteTestNG.main(RemoteTestNG.java:77)
]]>
    </failure>
  </testcase> <!-- @BeforeMethod setUpVideomsLogin -->
  <testcase classname="Autom.Brokervideoreview" name="@BeforeMethod brokerGetUrl" time="0.0">
    <skipped/>
  </testcase> <!-- @BeforeMethod brokerGetUrl -->
  <testcase classname="Autom.Brokervideoreview" name="@AfterMethod tearDown" time="0.0">
    <skipped/>
  </testcase> <!-- @AfterMethod tearDown -->
  <testcase classname="Autom.Setup" name="@BeforeMethod setUpVideomsLogin" time="0.0">
    <skipped/>
  </testcase> <!-- @BeforeMethod setUpVideomsLogin -->
  <testcase classname="Autom.Brokervideoreview" name="@BeforeMethod brokerGetUrl" time="0.0">
    <skipped/>
  </testcase> <!-- @BeforeMethod brokerGetUrl -->
  <testcase classname="Autom.Brokervideoreview" name="@AfterMethod tearDown" time="0.0">
    <skipped/>
  </testcase> <!-- @AfterMethod tearDown -->
  <testcase classname="Autom.Brokervideoreview" name="verifylink" time="0.0">
    <skipped/>
  </testcase> <!-- verifylink -->
  <testcase classname="Autom.Brokervideoreview" name="addCommentOnVideo" time="0.0">
    <skipped/>
  </testcase> <!-- addCommentOnVideo -->
</testsuite> <!-- Default test -->
