<?xml version="1.0" encoding="UTF-8"?>
<testng-results ignored="0" total="27" passed="27" failed="0" skipped="0">
  <reporter-output>
  </reporter-output>
  <suite started-at="2023-03-13T12:49:48 IST" name="Suite" finished-at="2023-03-13T12:58:41 IST" duration-ms="533301">
    <groups>
    </groups>
    <test started-at="2023-03-13T12:49:48 IST" name="Test" finished-at="2023-03-13T12:58:41 IST" duration-ms="533301">
      <class name="Autom.pilot">
        <test-method is-config="true" signature="setUpVideomsLogin()[pri:0, instance:Autom.pilot@7905a0b8]" started-at="2023-03-13T12:51:38 IST" name="setUpVideomsLogin" finished-at="2023-03-13T12:51:44 IST" duration-ms="5959" status="PASS">
          <reporter-output>
          </reporter-output>
        </test-method> <!-- setUpVideomsLogin -->
        <test-method signature="verifyProjectInvitation()[pri:7, instance:Autom.pilot@7905a0b8]" started-at="2023-03-13T12:51:44 IST" name="verifyProjectInvitation" finished-at="2023-03-13T12:51:46 IST" duration-ms="2597" status="PASS">
          <reporter-output>
          </reporter-output>
        </test-method> <!-- verifyProjectInvitation -->
        <test-method is-config="true" signature="tearDown()[pri:0, instance:Autom.pilot@7905a0b8]" started-at="2023-03-13T12:51:46 IST" name="tearDown" finished-at="2023-03-13T12:51:47 IST" duration-ms="218" status="PASS">
          <reporter-output>
          </reporter-output>
        </test-method> <!-- tearDown -->
        <test-method is-config="true" signature="setUpVideomsLogin()[pri:0, instance:Autom.pilot@7905a0b8]" started-at="2023-03-13T12:51:47 IST" name="setUpVideomsLogin" finished-at="2023-03-13T12:51:52 IST" duration-ms="5896" status="PASS">
          <reporter-output>
          </reporter-output>
        </test-method> <!-- setUpVideomsLogin -->
        <test-method signature="verifynewprojectlabel()[pri:8, instance:Autom.pilot@7905a0b8]" started-at="2023-03-13T12:51:52 IST" name="verifynewprojectlabel" finished-at="2023-03-13T12:51:57 IST" duration-ms="4572" status="PASS">
          <reporter-output>
          </reporter-output>
        </test-method> <!-- verifynewprojectlabel -->
        <test-method is-config="true" signature="tearDown()[pri:0, instance:Autom.pilot@7905a0b8]" started-at="2023-03-13T12:51:57 IST" name="tearDown" finished-at="2023-03-13T12:51:58 IST" duration-ms="541" status="PASS">
          <reporter-output>
          </reporter-output>
        </test-method> <!-- tearDown -->
        <test-method is-config="true" signature="setUpVideomsLogin()[pri:0, instance:Autom.pilot@7905a0b8]" started-at="2023-03-13T12:51:58 IST" name="setUpVideomsLogin" finished-at="2023-03-13T12:52:04 IST" duration-ms="6099" status="PASS">
          <reporter-output>
          </reporter-output>
        </test-method> <!-- setUpVideomsLogin -->
        <test-method signature="acceptProjectInvitation()[pri:9, instance:Autom.pilot@7905a0b8]" started-at="2023-03-13T12:52:04 IST" name="acceptProjectInvitation" finished-at="2023-03-13T12:52:10 IST" duration-ms="6630" status="PASS">
          <reporter-output>
          </reporter-output>
        </test-method> <!-- acceptProjectInvitation -->
        <test-method is-config="true" signature="tearDown()[pri:0, instance:Autom.pilot@7905a0b8]" started-at="2023-03-13T12:52:10 IST" name="tearDown" finished-at="2023-03-13T12:52:11 IST" duration-ms="313" status="PASS">
          <reporter-output>
          </reporter-output>
        </test-method> <!-- tearDown -->
        <test-method is-config="true" signature="setUpVideomsLogin()[pri:0, instance:Autom.pilot@7905a0b8]" started-at="2023-03-13T12:52:11 IST" name="setUpVideomsLogin" finished-at="2023-03-13T12:52:16 IST" duration-ms="5858" status="PASS">
          <reporter-output>
          </reporter-output>
        </test-method> <!-- setUpVideomsLogin -->
        <test-method signature="addPilotNotes()[pri:10, instance:Autom.pilot@7905a0b8]" started-at="2023-03-13T12:52:16 IST" name="addPilotNotes" finished-at="2023-03-13T12:52:28 IST" duration-ms="11301" status="PASS">
          <reporter-output>
          </reporter-output>
        </test-method> <!-- addPilotNotes -->
        <test-method is-config="true" signature="tearDown()[pri:0, instance:Autom.pilot@7905a0b8]" started-at="2023-03-13T12:52:28 IST" name="tearDown" finished-at="2023-03-13T12:52:28 IST" duration-ms="352" status="PASS">
          <reporter-output>
          </reporter-output>
        </test-method> <!-- tearDown -->
        <test-method is-config="true" signature="setUpVideomsLogin()[pri:0, instance:Autom.pilot@7905a0b8]" started-at="2023-03-13T12:52:28 IST" name="setUpVideomsLogin" finished-at="2023-03-13T12:52:34 IST" duration-ms="5835" status="PASS">
          <reporter-output>
          </reporter-output>
        </test-method> <!-- setUpVideomsLogin -->
        <test-method signature="testpilotfileupload()[pri:11, instance:Autom.pilot@7905a0b8]" started-at="2023-03-13T12:52:34 IST" name="testpilotfileupload" finished-at="2023-03-13T12:53:05 IST" duration-ms="30751" status="PASS">
          <reporter-output>
          </reporter-output>
        </test-method> <!-- testpilotfileupload -->
        <test-method is-config="true" signature="tearDown()[pri:0, instance:Autom.pilot@7905a0b8]" started-at="2023-03-13T12:53:05 IST" name="tearDown" finished-at="2023-03-13T12:53:05 IST" duration-ms="373" status="PASS">
          <reporter-output>
          </reporter-output>
        </test-method> <!-- tearDown -->
      </class> <!-- Autom.pilot -->
      <class name="Autom.Reviewcomment">
        <test-method is-config="true" signature="setUpVideomsLogin()[pri:0, instance:Autom.Reviewcomment@478db956]" started-at="2023-03-13T12:55:57 IST" name="setUpVideomsLogin" finished-at="2023-03-13T12:56:04 IST" duration-ms="6202" status="PASS">
          <reporter-output>
          </reporter-output>
        </test-method> <!-- setUpVideomsLogin -->
        <test-method signature="approveComments()[pri:19, instance:Autom.Reviewcomment@478db956]" started-at="2023-03-13T12:56:04 IST" name="approveComments" finished-at="2023-03-13T12:56:15 IST" duration-ms="11756" status="PASS">
          <reporter-output>
          </reporter-output>
        </test-method> <!-- approveComments -->
        <test-method is-config="true" signature="tearDown()[pri:0, instance:Autom.Reviewcomment@478db956]" started-at="2023-03-13T12:56:15 IST" name="tearDown" finished-at="2023-03-13T12:56:16 IST" duration-ms="316" status="PASS">
          <reporter-output>
          </reporter-output>
        </test-method> <!-- tearDown -->
      </class> <!-- Autom.Reviewcomment -->
      <class name="Autom.Projectcheckout">
        <test-method is-config="true" signature="setUpVideomsLogin()[pri:0, instance:Autom.Projectcheckout@4a07d605]" started-at="2023-03-13T12:49:48 IST" name="setUpVideomsLogin" finished-at="2023-03-13T12:50:03 IST" duration-ms="14943" status="PASS">
          <reporter-output>
          </reporter-output>
        </test-method> <!-- setUpVideomsLogin -->
        <test-method signature="checkout()[pri:1, instance:Autom.Projectcheckout@4a07d605]" started-at="2023-03-13T12:50:03 IST" name="checkout" finished-at="2023-03-13T12:50:24 IST" duration-ms="20951" status="PASS">
          <reporter-output>
          </reporter-output>
        </test-method> <!-- checkout -->
        <test-method is-config="true" signature="tearDown()[pri:0, instance:Autom.Projectcheckout@4a07d605]" started-at="2023-03-13T12:50:24 IST" name="tearDown" finished-at="2023-03-13T12:50:24 IST" duration-ms="331" status="PASS">
          <reporter-output>
          </reporter-output>
        </test-method> <!-- tearDown -->
      </class> <!-- Autom.Projectcheckout -->
      <class name="Autom.Editormarkcomplete">
        <test-method is-config="true" signature="setUpVideomsLogin()[pri:0, instance:Autom.Editormarkcomplete@6ca18a14]" started-at="2023-03-13T12:56:16 IST" name="setUpVideomsLogin" finished-at="2023-03-13T12:56:21 IST" duration-ms="5777" status="PASS">
          <reporter-output>
          </reporter-output>
        </test-method> <!-- setUpVideomsLogin -->
        <test-method signature="Markallcomplete()[pri:20, instance:Autom.Editormarkcomplete@6ca18a14]" started-at="2023-03-13T12:56:21 IST" name="Markallcomplete" finished-at="2023-03-13T12:56:30 IST" duration-ms="8844" status="PASS">
          <reporter-output>
          </reporter-output>
        </test-method> <!-- Markallcomplete -->
        <test-method is-config="true" signature="tearDown()[pri:0, instance:Autom.Editormarkcomplete@6ca18a14]" started-at="2023-03-13T12:56:30 IST" name="tearDown" finished-at="2023-03-13T12:56:31 IST" duration-ms="325" status="PASS">
          <reporter-output>
          </reporter-output>
        </test-method> <!-- tearDown -->
      </class> <!-- Autom.Editormarkcomplete -->
      <class name="Autom.Verifymarkcompletestatus">
        <test-method is-config="true" signature="setUpVideomsLogin()[pri:0, instance:Autom.Verifymarkcompletestatus@c667f46]" started-at="2023-03-13T12:56:31 IST" name="setUpVideomsLogin" finished-at="2023-03-13T12:56:37 IST" duration-ms="5993" status="PASS">
          <reporter-output>
          </reporter-output>
        </test-method> <!-- setUpVideomsLogin -->
        <test-method is-config="true" signature="brokerGetUrl()[pri:0, instance:Autom.Verifymarkcompletestatus@c667f46]" started-at="2023-03-13T12:56:37 IST" name="brokerGetUrl" finished-at="2023-03-13T12:56:37 IST" duration-ms="296" status="PASS">
          <reporter-output>
          </reporter-output>
        </test-method> <!-- brokerGetUrl -->
        <test-method signature="verifyCommentStatusPM()[pri:21, instance:Autom.Verifymarkcompletestatus@c667f46]" started-at="2023-03-13T12:56:37 IST" name="verifyCommentStatusPM" finished-at="2023-03-13T12:56:45 IST" duration-ms="7859" status="PASS">
          <reporter-output>
          </reporter-output>
        </test-method> <!-- verifyCommentStatusPM -->
        <test-method is-config="true" signature="tearDown()[pri:0, instance:Autom.Verifymarkcompletestatus@c667f46]" started-at="2023-03-13T12:56:45 IST" name="tearDown" finished-at="2023-03-13T12:56:45 IST" duration-ms="317" status="PASS">
          <reporter-output>
          </reporter-output>
        </test-method> <!-- tearDown -->
        <test-method is-config="true" signature="setUpVideomsLogin()[pri:0, instance:Autom.Verifymarkcompletestatus@c667f46]" started-at="2023-03-13T12:56:45 IST" name="setUpVideomsLogin" finished-at="2023-03-13T12:56:52 IST" duration-ms="6917" status="PASS">
          <reporter-output>
          </reporter-output>
        </test-method> <!-- setUpVideomsLogin -->
        <test-method is-config="true" signature="brokerGetUrl()[pri:0, instance:Autom.Verifymarkcompletestatus@c667f46]" started-at="2023-03-13T12:56:52 IST" name="brokerGetUrl" finished-at="2023-03-13T12:56:52 IST" duration-ms="321" status="PASS">
          <reporter-output>
          </reporter-output>
        </test-method> <!-- brokerGetUrl -->
        <test-method signature="verifyCommentStatusBroker()[pri:22, instance:Autom.Verifymarkcompletestatus@c667f46]" started-at="2023-03-13T12:56:52 IST" name="verifyCommentStatusBroker" finished-at="2023-03-13T12:57:06 IST" duration-ms="13553" status="PASS">
          <reporter-output>
          </reporter-output>
        </test-method> <!-- verifyCommentStatusBroker -->
        <test-method is-config="true" signature="tearDown()[pri:0, instance:Autom.Verifymarkcompletestatus@c667f46]" started-at="2023-03-13T12:57:06 IST" name="tearDown" finished-at="2023-03-13T12:57:06 IST" duration-ms="354" status="PASS">
          <reporter-output>
          </reporter-output>
        </test-method> <!-- tearDown -->
      </class> <!-- Autom.Verifymarkcompletestatus -->
      <class name="Autom.Videomspmapproval">
        <test-method is-config="true" signature="setUpVideomsLogin()[pri:0, instance:Autom.Videomspmapproval@389b0789]" started-at="2023-03-13T12:54:16 IST" name="setUpVideomsLogin" finished-at="2023-03-13T12:54:22 IST" duration-ms="5723" status="PASS">
          <reporter-output>
          </reporter-output>
        </test-method> <!-- setUpVideomsLogin -->
        <test-method signature="approveVideo()[pri:16, instance:Autom.Videomspmapproval@389b0789]" started-at="2023-03-13T12:54:22 IST" name="approveVideo" finished-at="2023-03-13T12:54:31 IST" duration-ms="9648" status="PASS">
          <reporter-output>
          </reporter-output>
        </test-method> <!-- approveVideo -->
        <test-method is-config="true" signature="tearDown()[pri:0, instance:Autom.Videomspmapproval@389b0789]" started-at="2023-03-13T12:54:31 IST" name="tearDown" finished-at="2023-03-13T12:54:32 IST" duration-ms="388" status="PASS">
          <reporter-output>
          </reporter-output>
        </test-method> <!-- tearDown -->
      </class> <!-- Autom.Videomspmapproval -->
      <class name="Autom.Thanksgiving">
        <test-method is-config="true" signature="setUpVideomsLogin()[pri:0, instance:Autom.Thanksgiving@57a3e26a]" started-at="2023-03-13T12:57:52 IST" name="setUpVideomsLogin" finished-at="2023-03-13T12:57:58 IST" duration-ms="5984" status="PASS">
          <reporter-output>
          </reporter-output>
        </test-method> <!-- setUpVideomsLogin -->
        <test-method is-config="true" signature="brokerGetUrl()[pri:0, instance:Autom.Thanksgiving@57a3e26a]" started-at="2023-03-13T12:57:58 IST" name="brokerGetUrl" finished-at="2023-03-13T12:58:07 IST" duration-ms="8383" status="PASS">
          <reporter-output>
          </reporter-output>
        </test-method> <!-- brokerGetUrl -->
        <test-method signature="uploadThanksImage()[pri:23, instance:Autom.Thanksgiving@57a3e26a]" started-at="2023-03-13T12:58:07 IST" name="uploadThanksImage" finished-at="2023-03-13T12:58:41 IST" duration-ms="34114" status="PASS">
          <reporter-output>
          </reporter-output>
        </test-method> <!-- uploadThanksImage -->
        <test-method is-config="true" signature="tearDown()[pri:0, instance:Autom.Thanksgiving@57a3e26a]" started-at="2023-03-13T12:58:41 IST" name="tearDown" finished-at="2023-03-13T12:58:41 IST" duration-ms="307" status="PASS">
          <reporter-output>
          </reporter-output>
        </test-method> <!-- tearDown -->
      </class> <!-- Autom.Thanksgiving -->
      <class name="Autom.Videomspmportal">
        <test-method is-config="true" signature="setUpVideomsLogin()[pri:0, instance:Autom.Videomspmportal@51bf5add]" started-at="2023-03-13T12:50:24 IST" name="setUpVideomsLogin" finished-at="2023-03-13T12:50:30 IST" duration-ms="5813" status="PASS">
          <reporter-output>
          </reporter-output>
        </test-method> <!-- setUpVideomsLogin -->
        <test-method signature="VerifyNameinProjectList()[pri:2, instance:Autom.Videomspmportal@51bf5add]" started-at="2023-03-13T12:50:30 IST" name="VerifyNameinProjectList" finished-at="2023-03-13T12:50:30 IST" duration-ms="597" status="PASS">
          <reporter-output>
          </reporter-output>
        </test-method> <!-- VerifyNameinProjectList -->
        <test-method is-config="true" signature="tearDown()[pri:0, instance:Autom.Videomspmportal@51bf5add]" started-at="2023-03-13T12:50:30 IST" name="tearDown" finished-at="2023-03-13T12:50:31 IST" duration-ms="260" status="PASS">
          <reporter-output>
          </reporter-output>
        </test-method> <!-- tearDown -->
        <test-method is-config="true" signature="setUpVideomsLogin()[pri:0, instance:Autom.Videomspmportal@51bf5add]" started-at="2023-03-13T12:50:31 IST" name="setUpVideomsLogin" finished-at="2023-03-13T12:50:36 IST" duration-ms="5700" status="PASS">
          <reporter-output>
          </reporter-output>
        </test-method> <!-- setUpVideomsLogin -->
        <test-method signature="verifyProjectinassets()[pri:3, instance:Autom.Videomspmportal@51bf5add]" started-at="2023-03-13T12:50:36 IST" name="verifyProjectinassets" finished-at="2023-03-13T12:50:38 IST" duration-ms="1254" status="PASS">
          <reporter-output>
          </reporter-output>
        </test-method> <!-- verifyProjectinassets -->
        <test-method is-config="true" signature="tearDown()[pri:0, instance:Autom.Videomspmportal@51bf5add]" started-at="2023-03-13T12:50:38 IST" name="tearDown" finished-at="2023-03-13T12:50:38 IST" duration-ms="262" status="PASS">
          <reporter-output>
          </reporter-output>
        </test-method> <!-- tearDown -->
        <test-method is-config="true" signature="setUpVideomsLogin()[pri:0, instance:Autom.Videomspmportal@51bf5add]" started-at="2023-03-13T12:50:38 IST" name="setUpVideomsLogin" finished-at="2023-03-13T12:50:44 IST" duration-ms="6278" status="PASS">
          <reporter-output>
          </reporter-output>
        </test-method> <!-- setUpVideomsLogin -->
        <test-method signature="inviteEditor()[pri:4, instance:Autom.Videomspmportal@51bf5add]" started-at="2023-03-13T12:50:44 IST" name="inviteEditor" finished-at="2023-03-13T12:51:07 IST" duration-ms="23184" status="PASS">
          <reporter-output>
          </reporter-output>
        </test-method> <!-- inviteEditor -->
        <test-method is-config="true" signature="tearDown()[pri:0, instance:Autom.Videomspmportal@51bf5add]" started-at="2023-03-13T12:51:07 IST" name="tearDown" finished-at="2023-03-13T12:51:08 IST" duration-ms="262" status="PASS">
          <reporter-output>
          </reporter-output>
        </test-method> <!-- tearDown -->
        <test-method is-config="true" signature="setUpVideomsLogin()[pri:0, instance:Autom.Videomspmportal@51bf5add]" started-at="2023-03-13T12:51:08 IST" name="setUpVideomsLogin" finished-at="2023-03-13T12:51:13 IST" duration-ms="5762" status="PASS">
          <reporter-output>
          </reporter-output>
        </test-method> <!-- setUpVideomsLogin -->
        <test-method signature="invitepilot()[pri:5, instance:Autom.Videomspmportal@51bf5add]" started-at="2023-03-13T12:51:13 IST" name="invitepilot" finished-at="2023-03-13T12:51:24 IST" duration-ms="10599" status="PASS">
          <reporter-output>
          </reporter-output>
        </test-method> <!-- invitepilot -->
        <test-method is-config="true" signature="tearDown()[pri:0, instance:Autom.Videomspmportal@51bf5add]" started-at="2023-03-13T12:51:24 IST" name="tearDown" finished-at="2023-03-13T12:51:24 IST" duration-ms="245" status="PASS">
          <reporter-output>
          </reporter-output>
        </test-method> <!-- tearDown -->
        <test-method is-config="true" signature="setUpVideomsLogin()[pri:0, instance:Autom.Videomspmportal@51bf5add]" started-at="2023-03-13T12:51:24 IST" name="setUpVideomsLogin" finished-at="2023-03-13T12:51:30 IST" duration-ms="5709" status="PASS">
          <reporter-output>
          </reporter-output>
        </test-method> <!-- setUpVideomsLogin -->
        <test-method signature="pilotAlreadyExitcheck()[pri:6, instance:Autom.Videomspmportal@51bf5add]" started-at="2023-03-13T12:51:30 IST" name="pilotAlreadyExitcheck" finished-at="2023-03-13T12:51:37 IST" duration-ms="7525" status="PASS">
          <reporter-output>
          </reporter-output>
        </test-method> <!-- pilotAlreadyExitcheck -->
        <test-method is-config="true" signature="tearDown()[pri:0, instance:Autom.Videomspmportal@51bf5add]" started-at="2023-03-13T12:51:37 IST" name="tearDown" finished-at="2023-03-13T12:51:38 IST" duration-ms="263" status="PASS">
          <reporter-output>
          </reporter-output>
        </test-method> <!-- tearDown -->
      </class> <!-- Autom.Videomspmportal -->
      <class name="Autom.Toverifylatestcomment">
        <test-method is-config="true" signature="setUpVideomsLogin()[pri:0, instance:Autom.Toverifylatestcomment@4b2c5e02]" started-at="2023-03-13T12:57:06 IST" name="setUpVideomsLogin" finished-at="2023-03-13T12:57:12 IST" duration-ms="5741" status="PASS">
          <reporter-output>
          </reporter-output>
        </test-method> <!-- setUpVideomsLogin -->
        <test-method signature="vefiryPilotDetailsLatestcomment()[pri:24, instance:Autom.Toverifylatestcomment@4b2c5e02]" started-at="2023-03-13T12:57:12 IST" name="vefiryPilotDetailsLatestcomment" finished-at="2023-03-13T12:57:23 IST" duration-ms="11252" status="PASS">
          <reporter-output>
          </reporter-output>
        </test-method> <!-- vefiryPilotDetailsLatestcomment -->
        <test-method is-config="true" signature="tearDown()[pri:0, instance:Autom.Toverifylatestcomment@4b2c5e02]" started-at="2023-03-13T12:57:23 IST" name="tearDown" finished-at="2023-03-13T12:57:24 IST" duration-ms="341" status="PASS">
          <reporter-output>
          </reporter-output>
        </test-method> <!-- tearDown -->
        <test-method is-config="true" signature="setUpVideomsLogin()[pri:0, instance:Autom.Toverifylatestcomment@4b2c5e02]" started-at="2023-03-13T12:57:24 IST" name="setUpVideomsLogin" finished-at="2023-03-13T12:57:29 IST" duration-ms="5785" status="PASS">
          <reporter-output>
          </reporter-output>
        </test-method> <!-- setUpVideomsLogin -->
        <test-method signature="verifyLatestCommentPM()[pri:25, instance:Autom.Toverifylatestcomment@4b2c5e02]" started-at="2023-03-13T12:57:29 IST" name="verifyLatestCommentPM" finished-at="2023-03-13T12:57:30 IST" duration-ms="906" status="PASS">
          <reporter-output>
          </reporter-output>
        </test-method> <!-- verifyLatestCommentPM -->
        <test-method is-config="true" signature="tearDown()[pri:0, instance:Autom.Toverifylatestcomment@4b2c5e02]" started-at="2023-03-13T12:57:30 IST" name="tearDown" finished-at="2023-03-13T12:57:30 IST" duration-ms="259" status="PASS">
          <reporter-output>
          </reporter-output>
        </test-method> <!-- tearDown -->
        <test-method is-config="true" signature="setUpVideomsLogin()[pri:0, instance:Autom.Toverifylatestcomment@4b2c5e02]" started-at="2023-03-13T12:57:30 IST" name="setUpVideomsLogin" finished-at="2023-03-13T12:57:36 IST" duration-ms="5719" status="PASS">
          <reporter-output>
          </reporter-output>
        </test-method> <!-- setUpVideomsLogin -->
        <test-method signature="VerifyLatestCommentAddedByPM()[pri:26, instance:Autom.Toverifylatestcomment@4b2c5e02]" started-at="2023-03-13T12:57:36 IST" name="VerifyLatestCommentAddedByPM" finished-at="2023-03-13T12:57:40 IST" duration-ms="4194" status="PASS">
          <reporter-output>
          </reporter-output>
        </test-method> <!-- VerifyLatestCommentAddedByPM -->
        <test-method is-config="true" signature="tearDown()[pri:0, instance:Autom.Toverifylatestcomment@4b2c5e02]" started-at="2023-03-13T12:57:40 IST" name="tearDown" finished-at="2023-03-13T12:57:41 IST" duration-ms="334" status="PASS">
          <reporter-output>
          </reporter-output>
        </test-method> <!-- tearDown -->
        <test-method is-config="true" signature="setUpVideomsLogin()[pri:0, instance:Autom.Toverifylatestcomment@4b2c5e02]" started-at="2023-03-13T12:57:41 IST" name="setUpVideomsLogin" finished-at="2023-03-13T12:57:47 IST" duration-ms="5977" status="PASS">
          <reporter-output>
          </reporter-output>
        </test-method> <!-- setUpVideomsLogin -->
        <test-method signature="VerifyPMcommentONPilotPortal()[pri:27, instance:Autom.Toverifylatestcomment@4b2c5e02]" started-at="2023-03-13T12:57:47 IST" name="VerifyPMcommentONPilotPortal" finished-at="2023-03-13T12:57:51 IST" duration-ms="4763" status="PASS">
          <reporter-output>
          </reporter-output>
        </test-method> <!-- VerifyPMcommentONPilotPortal -->
        <test-method is-config="true" signature="tearDown()[pri:0, instance:Autom.Toverifylatestcomment@4b2c5e02]" started-at="2023-03-13T12:57:51 IST" name="tearDown" finished-at="2023-03-13T12:57:52 IST" duration-ms="800" status="PASS">
          <reporter-output>
          </reporter-output>
        </test-method> <!-- tearDown -->
      </class> <!-- Autom.Toverifylatestcomment -->
      <class name="Autom.Editor">
        <test-method is-config="true" signature="setUpVideomsLogin()[pri:0, instance:Autom.Editor@35a3d49f]" started-at="2023-03-13T12:53:05 IST" name="setUpVideomsLogin" finished-at="2023-03-13T12:53:11 IST" duration-ms="6033" status="PASS">
          <reporter-output>
          </reporter-output>
        </test-method> <!-- setUpVideomsLogin -->
        <test-method signature="verifyActiveProject()[pri:12, instance:Autom.Editor@35a3d49f]" started-at="2023-03-13T12:53:11 IST" name="verifyActiveProject" finished-at="2023-03-13T12:53:13 IST" duration-ms="1503" status="PASS">
          <reporter-output>
          </reporter-output>
        </test-method> <!-- verifyActiveProject -->
        <test-method is-config="true" signature="tearDown()[pri:0, instance:Autom.Editor@35a3d49f]" started-at="2023-03-13T12:53:13 IST" name="tearDown" finished-at="2023-03-13T12:53:13 IST" duration-ms="283" status="PASS">
          <reporter-output>
          </reporter-output>
        </test-method> <!-- tearDown -->
        <test-method is-config="true" signature="setUpVideomsLogin()[pri:0, instance:Autom.Editor@35a3d49f]" started-at="2023-03-13T12:53:13 IST" name="setUpVideomsLogin" finished-at="2023-03-13T12:53:19 IST" duration-ms="5767" status="PASS">
          <reporter-output>
          </reporter-output>
        </test-method> <!-- setUpVideomsLogin -->
        <test-method signature="acceptInvitation()[pri:13, instance:Autom.Editor@35a3d49f]" started-at="2023-03-13T12:53:19 IST" name="acceptInvitation" finished-at="2023-03-13T12:53:24 IST" duration-ms="5629" status="PASS">
          <reporter-output>
          </reporter-output>
        </test-method> <!-- acceptInvitation -->
        <test-method is-config="true" signature="tearDown()[pri:0, instance:Autom.Editor@35a3d49f]" started-at="2023-03-13T12:53:24 IST" name="tearDown" finished-at="2023-03-13T12:53:25 IST" duration-ms="616" status="PASS">
          <reporter-output>
          </reporter-output>
        </test-method> <!-- tearDown -->
        <test-method is-config="true" signature="setUpVideomsLogin()[pri:0, instance:Autom.Editor@35a3d49f]" started-at="2023-03-13T12:53:25 IST" name="setUpVideomsLogin" finished-at="2023-03-13T12:53:31 IST" duration-ms="5719" status="PASS">
          <reporter-output>
          </reporter-output>
        </test-method> <!-- setUpVideomsLogin -->
        <test-method signature="projectInAssset()[pri:14, instance:Autom.Editor@35a3d49f]" started-at="2023-03-13T12:53:31 IST" name="projectInAssset" finished-at="2023-03-13T12:53:35 IST" duration-ms="4141" status="PASS">
          <reporter-output>
          </reporter-output>
        </test-method> <!-- projectInAssset -->
        <test-method is-config="true" signature="tearDown()[pri:0, instance:Autom.Editor@35a3d49f]" started-at="2023-03-13T12:53:35 IST" name="tearDown" finished-at="2023-03-13T12:53:35 IST" duration-ms="378" status="PASS">
          <reporter-output>
          </reporter-output>
        </test-method> <!-- tearDown -->
        <test-method is-config="true" signature="setUpVideomsLogin()[pri:0, instance:Autom.Editor@35a3d49f]" started-at="2023-03-13T12:53:35 IST" name="setUpVideomsLogin" finished-at="2023-03-13T12:53:41 IST" duration-ms="5883" status="PASS">
          <reporter-output>
          </reporter-output>
        </test-method> <!-- setUpVideomsLogin -->
        <test-method signature="uploadVideo()[pri:15, instance:Autom.Editor@35a3d49f]" started-at="2023-03-13T12:53:41 IST" name="uploadVideo" finished-at="2023-03-13T12:54:16 IST" duration-ms="34584" status="PASS">
          <reporter-output>
          </reporter-output>
        </test-method> <!-- uploadVideo -->
        <test-method is-config="true" signature="tearDown()[pri:0, instance:Autom.Editor@35a3d49f]" started-at="2023-03-13T12:54:16 IST" name="tearDown" finished-at="2023-03-13T12:54:16 IST" duration-ms="310" status="PASS">
          <reporter-output>
          </reporter-output>
        </test-method> <!-- tearDown -->
      </class> <!-- Autom.Editor -->
      <class name="Autom.Brokervideoreview">
        <test-method is-config="true" signature="setUpVideomsLogin()[pri:0, instance:Autom.Brokervideoreview@13d9cbf5]" started-at="2023-03-13T12:54:32 IST" name="setUpVideomsLogin" finished-at="2023-03-13T12:54:38 IST" duration-ms="5872" status="PASS">
          <reporter-output>
          </reporter-output>
        </test-method> <!-- setUpVideomsLogin -->
        <test-method signature="verifylink()[pri:17, instance:Autom.Brokervideoreview@13d9cbf5]" started-at="2023-03-13T12:54:38 IST" name="verifylink" finished-at="2023-03-13T12:55:15 IST" duration-ms="37140" status="PASS">
          <reporter-output>
          </reporter-output>
        </test-method> <!-- verifylink -->
        <test-method is-config="true" signature="tearDown()[pri:0, instance:Autom.Brokervideoreview@13d9cbf5]" started-at="2023-03-13T12:55:15 IST" name="tearDown" finished-at="2023-03-13T12:55:15 IST" duration-ms="370" status="PASS">
          <reporter-output>
          </reporter-output>
        </test-method> <!-- tearDown -->
        <test-method is-config="true" signature="setUpVideomsLogin()[pri:0, instance:Autom.Brokervideoreview@13d9cbf5]" started-at="2023-03-13T12:55:15 IST" name="setUpVideomsLogin" finished-at="2023-03-13T12:55:21 IST" duration-ms="6233" status="PASS">
          <reporter-output>
          </reporter-output>
        </test-method> <!-- setUpVideomsLogin -->
        <test-method signature="addCommentOnVideo()[pri:18, instance:Autom.Brokervideoreview@13d9cbf5]" started-at="2023-03-13T12:55:21 IST" name="addCommentOnVideo" finished-at="2023-03-13T12:55:57 IST" duration-ms="35662" status="PASS">
          <reporter-output>
          </reporter-output>
        </test-method> <!-- addCommentOnVideo -->
        <test-method is-config="true" signature="tearDown()[pri:0, instance:Autom.Brokervideoreview@13d9cbf5]" started-at="2023-03-13T12:55:57 IST" name="tearDown" finished-at="2023-03-13T12:55:57 IST" duration-ms="388" status="PASS">
          <reporter-output>
          </reporter-output>
        </test-method> <!-- tearDown -->
      </class> <!-- Autom.Brokervideoreview -->
    </test> <!-- Test -->
  </suite> <!-- Suite -->
</testng-results>
